<?xml version="1.0" encoding="UTF-8"?>
<!-- Generated by org.testng.reporters.JUnitXMLReporter -->
<testsuite hostname="DESKTOP-KTKLAPV" ignored="0" name="Command line test" tests="2" failures="2" timestamp="12 Mar 2022 05:57:08 GMT" time="0.018" errors="0">
  <testcase name="validUserShouldBeAbleToAddCustomerFromListCustomer" time="0.0" classname="test.AddCustomerTest">
    <failure type="org.testng.TestNGException" message="
Parameter &amp;apos;UserName&amp;apos; is required by @Test on method validUserShouldBeAbleToAddCustomerFromListCustomer but has not been marked @Optional or defined
">
      <![CDATA[org.testng.TestNGException: 
Parameter 'UserName' is required by @Test on method validUserShouldBeAbleToAddCustomerFromListCustomer but has not been marked @Optional or defined

... Removed 34 stack frames]]>
    </failure>
  </testcase> <!-- validUserShouldBeAbleToAddCustomerFromListCustomer -->
  <testcase name="validUserShoulBeAbleToLoginOnly" time="0.0" classname="test.LoginTest">
    <failure type="org.testng.TestNGException" message="
Parameter &amp;apos;u&amp;apos; is required by @Test on method validUserShoulBeAbleToLoginOnly but has not been marked @Optional or defined
">
      <![CDATA[org.testng.TestNGException: 
Parameter 'u' is required by @Test on method validUserShoulBeAbleToLoginOnly but has not been marked @Optional or defined

... Removed 34 stack frames]]>
    </failure>
  </testcase> <!-- validUserShoulBeAbleToLoginOnly -->
</testsuite> <!-- Command line test -->
